2022-06-29 23:17:39,846 INFO [main] c.n.c.LoggerTests [StartupInfoLogger.java:55] Starting LoggerTests using Java 1.8.0_121 on LAPTOP-UJO7RRHB with PID 20580 (started by hp in D:\MyStudy_22\Work\Spring Work\community)
2022-06-29 23:17:39,849 INFO [main] c.n.c.LoggerTests [SpringApplication.java:634] No active profile set, falling back to 1 default profile: "default"
2022-06-29 23:17:40,829 INFO [main] o.s.d.r.c.RepositoryConfigurationDelegate [RepositoryConfigurationDelegate.java:262] Multiple Spring Data modules found, entering strict repository configuration mode
2022-06-29 23:17:40,832 INFO [main] o.s.d.r.c.RepositoryConfigurationDelegate [RepositoryConfigurationDelegate.java:132] Bootstrapping Spring Data JDBC repositories in DEFAULT mode.
2022-06-29 23:17:40,907 INFO [main] o.s.d.r.c.RepositoryConfigurationDelegate [RepositoryConfigurationDelegate.java:201] Finished Spring Data repository scanning in 6 ms. Found 0 JDBC repository interfaces.
2022-06-29 23:17:40,919 INFO [main] o.s.d.r.c.RepositoryConfigurationDelegate [RepositoryConfigurationDelegate.java:262] Multiple Spring Data modules found, entering strict repository configuration mode
2022-06-29 23:17:40,922 INFO [main] o.s.d.r.c.RepositoryConfigurationDelegate [RepositoryConfigurationDelegate.java:132] Bootstrapping Spring Data JPA repositories in DEFAULT mode.
2022-06-29 23:17:40,930 INFO [main] o.s.d.r.c.RepositoryConfigurationDelegate [RepositoryConfigurationDelegate.java:201] Finished Spring Data repository scanning in 2 ms. Found 0 JPA repository interfaces.
2022-06-29 23:17:41,581 INFO [main] c.z.h.HikariDataSource [HikariDataSource.java:110] HikariPool-1 - Starting...
2022-06-29 23:17:41,877 INFO [main] c.z.h.HikariDataSource [HikariDataSource.java:123] HikariPool-1 - Start completed.
2022-06-29 23:17:42,069 INFO [main] o.h.j.i.u.LogHelper [LogHelper.java:31] HHH000204: Processing PersistenceUnitInfo [name: default]
2022-06-29 23:17:42,122 INFO [main] o.h.Version [Version.java:44] HHH000412: Hibernate ORM core version 5.6.9.Final
2022-06-29 23:17:42,305 INFO [main] o.h.a.c.Version [JavaReflectionManager.java:56] HCANN000001: Hibernate Commons Annotations {5.1.2.Final}
2022-06-29 23:17:42,759 INFO [main] o.h.d.Dialect [Dialect.java:175] HHH000400: Using dialect: org.hibernate.dialect.MySQL55Dialect
2022-06-29 23:17:42,945 INFO [main] o.h.e.t.j.p.i.JtaPlatformInitiator [JtaPlatformInitiator.java:52] HHH000490: Using JtaPlatform implementation: [org.hibernate.engine.transaction.jta.platform.internal.NoJtaPlatform]
2022-06-29 23:17:42,956 INFO [main] o.s.o.j.LocalContainerEntityManagerFactoryBean [AbstractEntityManagerFactoryBean.java:437] Initialized JPA EntityManagerFactory for persistence unit 'default'
2022-06-29 23:17:44,162 INFO [main] o.s.b.a.w.s.WelcomePageHandlerMapping [WelcomePageHandlerMapping.java:57] Adding welcome page template: index
2022-06-29 23:17:44,782 INFO [main] o.s.s.a.ScheduledAnnotationBeanPostProcessor [ScheduledAnnotationBeanPostProcessor.java:315] No TaskScheduler/ScheduledExecutorService bean found for scheduled processing
2022-06-29 23:17:44,797 INFO [main] c.n.c.LoggerTests [StartupInfoLogger.java:61] Started LoggerTests in 5.701 seconds (JVM running for 6.91)
2022-06-29 23:17:45,025 INFO [main] c.n.c.LoggerTests [LoggerTests.java:20] info log
2022-06-29 23:17:45,068 INFO [SpringApplicationShutdownHook] o.s.o.j.LocalContainerEntityManagerFactoryBean [AbstractEntityManagerFactoryBean.java:651] Closing JPA EntityManagerFactory for persistence unit 'default'
2022-06-29 23:17:45,071 INFO [SpringApplicationShutdownHook] c.z.h.HikariDataSource [HikariDataSource.java:350] HikariPool-1 - Shutdown initiated...
2022-06-29 23:17:45,080 INFO [SpringApplicationShutdownHook] c.z.h.HikariDataSource [HikariDataSource.java:352] HikariPool-1 - Shutdown completed.
2022-06-29 23:29:43,973 INFO [main] c.n.c.LoggerTests [StartupInfoLogger.java:55] Starting LoggerTests using Java 1.8.0_121 on LAPTOP-UJO7RRHB with PID 33456 (started by hp in D:\MyStudy_22\Work\Spring Work\community)
2022-06-29 23:29:43,975 INFO [main] c.n.c.LoggerTests [SpringApplication.java:634] No active profile set, falling back to 1 default profile: "default"
2022-06-29 23:29:44,923 INFO [main] o.s.d.r.c.RepositoryConfigurationDelegate [RepositoryConfigurationDelegate.java:262] Multiple Spring Data modules found, entering strict repository configuration mode
2022-06-29 23:29:44,925 INFO [main] o.s.d.r.c.RepositoryConfigurationDelegate [RepositoryConfigurationDelegate.java:132] Bootstrapping Spring Data JDBC repositories in DEFAULT mode.
2022-06-29 23:29:44,955 INFO [main] o.s.d.r.c.RepositoryConfigurationDelegate [RepositoryConfigurationDelegate.java:201] Finished Spring Data repository scanning in 14 ms. Found 0 JDBC repository interfaces.
2022-06-29 23:29:44,972 INFO [main] o.s.d.r.c.RepositoryConfigurationDelegate [RepositoryConfigurationDelegate.java:262] Multiple Spring Data modules found, entering strict repository configuration mode
2022-06-29 23:29:44,975 INFO [main] o.s.d.r.c.RepositoryConfigurationDelegate [RepositoryConfigurationDelegate.java:132] Bootstrapping Spring Data JPA repositories in DEFAULT mode.
2022-06-29 23:29:44,989 INFO [main] o.s.d.r.c.RepositoryConfigurationDelegate [RepositoryConfigurationDelegate.java:201] Finished Spring Data repository scanning in 3 ms. Found 0 JPA repository interfaces.
2022-06-29 23:29:45,804 INFO [main] c.z.h.HikariDataSource [HikariDataSource.java:110] HikariPool-1 - Starting...
2022-06-29 23:29:46,062 INFO [main] c.z.h.HikariDataSource [HikariDataSource.java:123] HikariPool-1 - Start completed.
2022-06-29 23:29:46,234 INFO [main] o.h.j.i.u.LogHelper [LogHelper.java:31] HHH000204: Processing PersistenceUnitInfo [name: default]
2022-06-29 23:29:46,291 INFO [main] o.h.Version [Version.java:44] HHH000412: Hibernate ORM core version 5.6.9.Final
2022-06-29 23:29:46,475 INFO [main] o.h.a.c.Version [JavaReflectionManager.java:56] HCANN000001: Hibernate Commons Annotations {5.1.2.Final}
2022-06-29 23:29:46,943 INFO [main] o.h.d.Dialect [Dialect.java:175] HHH000400: Using dialect: org.hibernate.dialect.MySQL55Dialect
2022-06-29 23:29:47,129 INFO [main] o.h.e.t.j.p.i.JtaPlatformInitiator [JtaPlatformInitiator.java:52] HHH000490: Using JtaPlatform implementation: [org.hibernate.engine.transaction.jta.platform.internal.NoJtaPlatform]
2022-06-29 23:29:47,139 INFO [main] o.s.o.j.LocalContainerEntityManagerFactoryBean [AbstractEntityManagerFactoryBean.java:437] Initialized JPA EntityManagerFactory for persistence unit 'default'
2022-06-29 23:29:48,337 INFO [main] o.s.b.a.w.s.WelcomePageHandlerMapping [WelcomePageHandlerMapping.java:57] Adding welcome page template: index
2022-06-29 23:29:48,939 INFO [main] o.s.s.a.ScheduledAnnotationBeanPostProcessor [ScheduledAnnotationBeanPostProcessor.java:315] No TaskScheduler/ScheduledExecutorService bean found for scheduled processing
2022-06-29 23:29:48,949 INFO [main] c.n.c.LoggerTests [StartupInfoLogger.java:61] Started LoggerTests in 5.514 seconds (JVM running for 6.773)
2022-06-29 23:29:49,183 INFO [main] c.n.c.LoggerTests [LoggerTests.java:20] info log
2022-06-29 23:29:49,234 INFO [SpringApplicationShutdownHook] o.s.o.j.LocalContainerEntityManagerFactoryBean [AbstractEntityManagerFactoryBean.java:651] Closing JPA EntityManagerFactory for persistence unit 'default'
2022-06-29 23:29:49,236 INFO [SpringApplicationShutdownHook] c.z.h.HikariDataSource [HikariDataSource.java:350] HikariPool-1 - Shutdown initiated...
2022-06-29 23:29:49,246 INFO [SpringApplicationShutdownHook] c.z.h.HikariDataSource [HikariDataSource.java:352] HikariPool-1 - Shutdown completed.
2022-06-29 23:30:47,277 INFO [main] c.n.c.CommunityApplication [StartupInfoLogger.java:55] Starting CommunityApplication using Java 1.8.0_121 on LAPTOP-UJO7RRHB with PID 1512 (D:\MyStudy_22\Work\Spring Work\community\target\classes started by hp in D:\MyStudy_22\Work\Spring Work\community)
2022-06-29 23:30:47,282 INFO [main] c.n.c.CommunityApplication [SpringApplication.java:634] No active profile set, falling back to 1 default profile: "default"
2022-06-29 23:30:48,396 INFO [main] o.s.d.r.c.RepositoryConfigurationDelegate [RepositoryConfigurationDelegate.java:262] Multiple Spring Data modules found, entering strict repository configuration mode
2022-06-29 23:30:48,397 INFO [main] o.s.d.r.c.RepositoryConfigurationDelegate [RepositoryConfigurationDelegate.java:132] Bootstrapping Spring Data JDBC repositories in DEFAULT mode.
2022-06-29 23:30:48,409 INFO [main] o.s.d.r.c.RepositoryConfigurationDelegate [RepositoryConfigurationDelegate.java:201] Finished Spring Data repository scanning in 6 ms. Found 0 JDBC repository interfaces.
2022-06-29 23:30:48,416 INFO [main] o.s.d.r.c.RepositoryConfigurationDelegate [RepositoryConfigurationDelegate.java:262] Multiple Spring Data modules found, entering strict repository configuration mode
2022-06-29 23:30:48,417 INFO [main] o.s.d.r.c.RepositoryConfigurationDelegate [RepositoryConfigurationDelegate.java:132] Bootstrapping Spring Data JPA repositories in DEFAULT mode.
2022-06-29 23:30:48,424 INFO [main] o.s.d.r.c.RepositoryConfigurationDelegate [RepositoryConfigurationDelegate.java:201] Finished Spring Data repository scanning in 1 ms. Found 0 JPA repository interfaces.
2022-06-29 23:30:49,176 INFO [main] o.s.b.w.e.t.TomcatWebServer [TomcatWebServer.java:108] Tomcat initialized with port(s): 8080 (http)
2022-06-29 23:30:49,188 INFO [main] o.a.c.h.Http11NioProtocol [DirectJDKLog.java:173] Initializing ProtocolHandler ["http-nio-8080"]
2022-06-29 23:30:49,189 INFO [main] o.a.c.c.StandardService [DirectJDKLog.java:173] Starting service [Tomcat]
2022-06-29 23:30:49,189 INFO [main] o.a.c.c.StandardEngine [DirectJDKLog.java:173] Starting Servlet engine: [Apache Tomcat/9.0.64]
2022-06-29 23:30:49,387 INFO [main] o.a.c.c.C.[.[.[/community] [DirectJDKLog.java:173] Initializing Spring embedded WebApplicationContext
2022-06-29 23:30:49,388 INFO [main] o.s.b.w.s.c.ServletWebServerApplicationContext [ServletWebServerApplicationContext.java:292] Root WebApplicationContext: initialization completed in 2051 ms
2022-06-29 23:30:49,496 INFO [main] c.z.h.HikariDataSource [HikariDataSource.java:110] HikariPool-1 - Starting...
2022-06-29 23:30:49,706 INFO [main] c.z.h.HikariDataSource [HikariDataSource.java:123] HikariPool-1 - Start completed.
2022-06-29 23:30:49,822 INFO [main] o.h.j.i.u.LogHelper [LogHelper.java:31] HHH000204: Processing PersistenceUnitInfo [name: default]
2022-06-29 23:30:49,876 INFO [main] o.h.Version [Version.java:44] HHH000412: Hibernate ORM core version 5.6.9.Final
2022-06-29 23:30:50,040 INFO [main] o.h.a.c.Version [JavaReflectionManager.java:56] HCANN000001: Hibernate Commons Annotations {5.1.2.Final}
2022-06-29 23:30:50,168 INFO [main] o.h.d.Dialect [Dialect.java:175] HHH000400: Using dialect: org.hibernate.dialect.MySQL55Dialect
2022-06-29 23:30:50,342 INFO [main] o.h.e.t.j.p.i.JtaPlatformInitiator [JtaPlatformInitiator.java:52] HHH000490: Using JtaPlatform implementation: [org.hibernate.engine.transaction.jta.platform.internal.NoJtaPlatform]
2022-06-29 23:30:50,357 INFO [main] o.s.o.j.LocalContainerEntityManagerFactoryBean [AbstractEntityManagerFactoryBean.java:437] Initialized JPA EntityManagerFactory for persistence unit 'default'
2022-06-29 23:30:51,043 INFO [main] o.s.b.a.w.s.WelcomePageHandlerMapping [WelcomePageHandlerMapping.java:57] Adding welcome page template: index
2022-06-29 23:30:51,535 INFO [main] o.a.c.h.Http11NioProtocol [DirectJDKLog.java:173] Starting ProtocolHandler ["http-nio-8080"]
2022-06-29 23:30:51,557 INFO [main] o.s.b.w.e.t.TomcatWebServer [TomcatWebServer.java:220] Tomcat started on port(s): 8080 (http) with context path '/community'
2022-06-29 23:30:51,573 INFO [main] o.s.s.a.ScheduledAnnotationBeanPostProcessor [ScheduledAnnotationBeanPostProcessor.java:315] No TaskScheduler/ScheduledExecutorService bean found for scheduled processing
2022-06-29 23:30:51,586 INFO [main] c.n.c.CommunityApplication [StartupInfoLogger.java:61] Started CommunityApplication in 5.054 seconds (JVM running for 6.306)
2022-06-29 23:31:04,173 INFO [http-nio-8080-exec-1] o.a.c.c.C.[.[.[/community] [DirectJDKLog.java:173] Initializing Spring DispatcherServlet 'dispatcherServlet'
2022-06-29 23:31:04,173 INFO [http-nio-8080-exec-1] o.s.w.s.DispatcherServlet [FrameworkServlet.java:525] Initializing Servlet 'dispatcherServlet'
2022-06-29 23:31:04,174 INFO [http-nio-8080-exec-1] o.s.w.s.DispatcherServlet [FrameworkServlet.java:547] Completed initialization in 1 ms
2022-06-29 23:31:29,851 INFO [SpringApplicationShutdownHook] o.s.o.j.LocalContainerEntityManagerFactoryBean [AbstractEntityManagerFactoryBean.java:651] Closing JPA EntityManagerFactory for persistence unit 'default'
2022-06-29 23:31:29,853 INFO [SpringApplicationShutdownHook] c.z.h.HikariDataSource [HikariDataSource.java:350] HikariPool-1 - Shutdown initiated...
2022-06-29 23:31:29,858 INFO [SpringApplicationShutdownHook] c.z.h.HikariDataSource [HikariDataSource.java:352] HikariPool-1 - Shutdown completed.
